<?xml version="1.0" encoding="UTF-8"?>
<testng-results ignored="0" total="2" passed="2" failed="0" skipped="0">
  <reporter-output>
  </reporter-output>
  <suite started-at="2025-03-24T15:32:56 IST" name="Suite" finished-at="2025-03-24T15:33:17 IST" duration-ms="21167">
    <groups>
    </groups>
    <test started-at="2025-03-24T15:32:56 IST" name="Login and Dashboard Tests" finished-at="2025-03-24T15:33:17 IST" duration-ms="21167">
      <class name="com.tests.DashboardTest">
        <test-method is-config="true" signature="setup()[pri:0, instance:com.tests.DashboardTest@10683d9d]" started-at="2025-03-24T15:33:09 IST" name="setup" finished-at="2025-03-24T15:33:14 IST" duration-ms="4464" status="PASS">
          <reporter-output>
          </reporter-output>
        </test-method> <!-- setup -->
        <test-method signature="verifyDashboardTitle()[pri:0, instance:com.tests.DashboardTest@10683d9d]" started-at="2025-03-24T15:33:14 IST" name="verifyDashboardTitle" finished-at="2025-03-24T15:33:17 IST" duration-ms="2817" status="PASS">
          <reporter-output>
          </reporter-output>
        </test-method> <!-- verifyDashboardTitle -->
        <test-method is-config="true" signature="teardown()[pri:0, instance:com.tests.DashboardTest@10683d9d]" started-at="2025-03-24T15:33:17 IST" name="teardown" finished-at="2025-03-24T15:33:17 IST" duration-ms="164" status="PASS">
          <reporter-output>
          </reporter-output>
        </test-method> <!-- teardown -->
      </class> <!-- com.tests.DashboardTest -->
      <class name="com.tests.LoginTest">
        <test-method is-config="true" signature="setup()[pri:0, instance:com.tests.LoginTest@44c03695]" started-at="2025-03-24T15:32:56 IST" name="setup" finished-at="2025-03-24T15:33:09 IST" duration-ms="12832" status="PASS">
          <reporter-output>
          </reporter-output>
        </test-method> <!-- setup -->
        <test-method signature="testLogin()[pri:0, instance:com.tests.LoginTest@44c03695]" started-at="2025-03-24T15:33:09 IST" name="testLogin" finished-at="2025-03-24T15:33:09 IST" duration-ms="671" status="PASS">
          <reporter-output>
          </reporter-output>
        </test-method> <!-- testLogin -->
        <test-method is-config="true" signature="teardown()[pri:0, instance:com.tests.LoginTest@44c03695]" started-at="2025-03-24T15:33:09 IST" name="teardown" finished-at="2025-03-24T15:33:09 IST" duration-ms="171" status="PASS">
          <reporter-output>
          </reporter-output>
        </test-method> <!-- teardown -->
      </class> <!-- com.tests.LoginTest -->
    </test> <!-- Login and Dashboard Tests -->
  </suite> <!-- Suite -->
</testng-results>
