<?xml version="1.0" encoding="UTF-8"?>
<!-- Generated by org.testng.reporters.JUnitXMLReporter -->
<testsuite ignored="8" hostname="Thoushika" failures="0" tests="2" name="Parallel Test" time="0.068" errors="0" timestamp="2025-03-21T14:40:35 IST">
  <testcase classname="com.testng.GroupsTestNG" name="f1" time="0.011"/>
  <testcase classname="com.testng.GroupsTestNG" name="f2" time="0.002"/>
  <testcase classname="com.testng.NewTest" name="validation" time="0.0">
    <ignored/>
  </testcase> <!-- validation -->
  <testcase classname="com.testng.Annotations" name="f" time="0.0">
    <ignored/>
  </testcase> <!-- f -->
  <testcase classname="com.testng.Annotations" name="f1" time="0.0">
    <ignored/>
  </testcase> <!-- f1 -->
  <testcase classname="com.testng.AssertDemo" name="verifyTitle" time="0.0">
    <ignored/>
  </testcase> <!-- verifyTitle -->
  <testcase classname="com.testng.AssertDemo2" name="testAssertions" time="0.0">
    <ignored/>
  </testcase> <!-- testAssertions -->
  <testcase classname="com.testng.Annotations" name="f2" time="0.0">
    <ignored/>
  </testcase> <!-- f2 -->
  <testcase classname="com.testng.QafoxAssertions" name="HomePage" time="0.0">
    <ignored/>
  </testcase> <!-- HomePage -->
  <testcase classname="com.testng.GroupsTestNG" name="f" time="0.0">
    <ignored/>
  </testcase> <!-- f -->
</testsuite> <!-- Parallel Test -->
