<?xml version="1.0" encoding="UTF-8"?>
<!-- Generated by org.testng.reporters.JUnitXMLReporter -->
<testsuite ignored="0" hostname="Thoushika" failures="1" tests="1" name="Test" time="4.196" errors="0" timestamp="2025-03-20T15:41:11 IST">
  <testcase classname="com.testng.AssertDemo" name="verifyTitle" time="0.023">
    <failure type="java.lang.AssertionError" message="expected [Google] but found [Googlee]">
      <![CDATA[java.lang.AssertionError: expected [Google] but found [Googlee]
at com.testng.AssertDemo.verifyTitle(AssertDemo.java:21)
at java.base/java.util.ArrayList.forEach(ArrayList.java:1596)
... Removed 31 stack frames]]>
    </failure>
  </testcase> <!-- verifyTitle -->
</testsuite> <!-- Test -->
