<?xml version="1.0" encoding="UTF-8"?>
<testng-results ignored="0" total="1" passed="1" failed="0" skipped="0">
  <reporter-output>
  </reporter-output>
  <suite started-at="2025-03-26T22:02:20 IST" name="Default suite" finished-at="2025-03-26T22:02:20 IST" duration-ms="71">
    <groups>
    </groups>
    <test started-at="2025-03-26T22:02:20 IST" name="Default test" finished-at="2025-03-26T22:02:20 IST" duration-ms="71">
      <class name="com.Pages.BasePage">
        <test-method signature="f()[pri:0, instance:com.Pages.BasePage@459e9125]" started-at="2025-03-26T22:02:20 IST" name="f" finished-at="2025-03-26T22:02:20 IST" duration-ms="12" status="PASS">
          <reporter-output>
          </reporter-output>
        </test-method> <!-- f -->
      </class> <!-- com.Pages.BasePage -->
    </test> <!-- Default test -->
  </suite> <!-- Default suite -->
</testng-results>
