<?xml version="1.0" encoding="UTF-8"?>
<testng-results ignored="0" total="2" passed="2" failed="0" skipped="0">
  <reporter-output>
  </reporter-output>
  <suite started-at="2025-03-26T19:22:49 IST" name="Suite" finished-at="2025-03-26T19:22:56 IST" duration-ms="7671">
    <groups>
    </groups>
    <test started-at="2025-03-26T19:22:49 IST" name="search" finished-at="2025-03-26T19:22:56 IST" duration-ms="7671">
      <class name="com.Dataprovider.DataProviderExcel">
        <test-method is-config="true" signature="setup()[pri:0, instance:com.Dataprovider.DataProviderExcel@30c15d8b]" started-at="2025-03-26T19:22:49 IST" name="setup" finished-at="2025-03-26T19:22:51 IST" duration-ms="1938" status="PASS">
          <reporter-output>
          </reporter-output>
        </test-method> <!-- setup -->
        <test-method is-config="true" signature="setup()[pri:0, instance:com.Dataprovider.DataProviderExcel@30c15d8b]" started-at="2025-03-26T19:22:49 IST" name="setup" finished-at="2025-03-26T19:22:51 IST" duration-ms="1938" status="PASS">
          <reporter-output>
          </reporter-output>
        </test-method> <!-- setup -->
        <test-method signature="search(java.lang.String)[pri:0, instance:com.Dataprovider.DataProviderExcel@30c15d8b]" started-at="2025-03-26T19:22:51 IST" name="search" data-provider="excelData" finished-at="2025-03-26T19:22:56 IST" duration-ms="4212" status="PASS">
          <params>
            <param index="0">
              <value>
                <![CDATA[DevOps]]>
              </value>
            </param>
          </params>
          <reporter-output>
          </reporter-output>
        </test-method> <!-- search -->
        <test-method signature="search(java.lang.String)[pri:0, instance:com.Dataprovider.DataProviderExcel@30c15d8b]" started-at="2025-03-26T19:22:51 IST" name="search" data-provider="excelData" finished-at="2025-03-26T19:22:56 IST" duration-ms="4677" status="PASS">
          <params>
            <param index="0">
              <value>
                <![CDATA[Automation]]>
              </value>
            </param>
          </params>
          <reporter-output>
          </reporter-output>
        </test-method> <!-- search -->
        <test-method is-config="true" signature="afterMethod()[pri:0, instance:com.Dataprovider.DataProviderExcel@30c15d8b]" started-at="2025-03-26T19:22:56 IST" name="afterMethod" finished-at="2025-03-26T19:22:56 IST" duration-ms="226" status="PASS">
          <reporter-output>
          </reporter-output>
        </test-method> <!-- afterMethod -->
        <test-method is-config="true" signature="afterMethod()[pri:0, instance:com.Dataprovider.DataProviderExcel@30c15d8b]" started-at="2025-03-26T19:22:56 IST" name="afterMethod" finished-at="2025-03-26T19:22:56 IST" duration-ms="188" status="PASS">
          <reporter-output>
          </reporter-output>
        </test-method> <!-- afterMethod -->
      </class> <!-- com.Dataprovider.DataProviderExcel -->
    </test> <!-- search -->
  </suite> <!-- Suite -->
</testng-results>
