<?xml version="1.0" encoding="UTF-8"?>
<testng-results ignored="0" total="2" passed="2" failed="0" skipped="0">
  <reporter-output>
  </reporter-output>
  <suite started-at="2025-03-25T21:58:33 IST" name="Suite" finished-at="2025-03-25T21:58:42 IST" duration-ms="8749">
    <groups>
    </groups>
    <test started-at="2025-03-25T21:58:33 IST" name="search" finished-at="2025-03-25T21:58:42 IST" duration-ms="8749">
      <class name="com.Dataprovider.DataProviderExcel">
        <test-method is-config="true" signature="setup()[pri:0, instance:com.Dataprovider.DataProviderExcel@30c15d8b]" started-at="2025-03-25T21:58:34 IST" name="setup" finished-at="2025-03-25T21:58:36 IST" duration-ms="1981" status="PASS">
          <reporter-output>
          </reporter-output>
        </test-method> <!-- setup -->
        <test-method is-config="true" signature="setup()[pri:0, instance:com.Dataprovider.DataProviderExcel@30c15d8b]" started-at="2025-03-25T21:58:34 IST" name="setup" finished-at="2025-03-25T21:58:36 IST" duration-ms="1981" status="PASS">
          <reporter-output>
          </reporter-output>
        </test-method> <!-- setup -->
        <test-method signature="search(java.lang.String)[pri:0, instance:com.Dataprovider.DataProviderExcel@30c15d8b]" started-at="2025-03-25T21:58:36 IST" name="search" data-provider="excelData" finished-at="2025-03-25T21:58:41 IST" duration-ms="5554" status="PASS">
          <params>
            <param index="0">
              <value>
                <![CDATA[DevOps]]>
              </value>
            </param>
          </params>
          <reporter-output>
          </reporter-output>
        </test-method> <!-- search -->
        <test-method signature="search(java.lang.String)[pri:0, instance:com.Dataprovider.DataProviderExcel@30c15d8b]" started-at="2025-03-25T21:58:36 IST" name="search" data-provider="excelData" finished-at="2025-03-25T21:58:41 IST" duration-ms="5903" status="PASS">
          <params>
            <param index="0">
              <value>
                <![CDATA[Automation]]>
              </value>
            </param>
          </params>
          <reporter-output>
          </reporter-output>
        </test-method> <!-- search -->
        <test-method is-config="true" signature="afterMethod()[pri:0, instance:com.Dataprovider.DataProviderExcel@30c15d8b]" started-at="2025-03-25T21:58:41 IST" name="afterMethod" finished-at="2025-03-25T21:58:41 IST" duration-ms="187" status="PASS">
          <reporter-output>
          </reporter-output>
        </test-method> <!-- afterMethod -->
        <test-method is-config="true" signature="afterMethod()[pri:0, instance:com.Dataprovider.DataProviderExcel@30c15d8b]" started-at="2025-03-25T21:58:41 IST" name="afterMethod" finished-at="2025-03-25T21:58:42 IST" duration-ms="161" status="PASS">
          <reporter-output>
          </reporter-output>
        </test-method> <!-- afterMethod -->
      </class> <!-- com.Dataprovider.DataProviderExcel -->
    </test> <!-- search -->
  </suite> <!-- Suite -->
</testng-results>
